<?xml version="1.0" encoding="UTF-8"?>
<testsuite xmlns:xsi="http://www.w3.org/2001/XMLSchema-instance" xsi:noNamespaceSchemaLocation="https://maven.apache.org/surefire/maven-surefire-plugin/xsd/surefire-test-report-3.0.xsd" version="3.0" name="com.ERP.repositoriesTest.ProjectRepositoryTest" time="6.91" tests="7" errors="0" skipped="0" failures="0">
  <properties>
    <property name="java.specification.version" value="21"/>
    <property name="sun.cpu.isalist" value="amd64"/>
    <property name="sun.jnu.encoding" value="Cp1252"/>
    <property name="java.class.path" value="C:\Users\ASUS\OneDrive\Desktop\AvisoftERP\target\test-classes;C:\Users\ASUS\OneDrive\Desktop\AvisoftERP\target\classes;C:\Users\ASUS\.m2\repository\org\springframework\boot\spring-boot-starter-data-jpa\3.2.5\spring-boot-starter-data-jpa-3.2.5.jar;C:\Users\ASUS\.m2\repository\org\springframework\boot\spring-boot-starter-aop\3.2.5\spring-boot-starter-aop-3.2.5.jar;C:\Users\ASUS\.m2\repository\org\springframework\spring-aop\6.1.6\spring-aop-6.1.6.jar;C:\Users\ASUS\.m2\repository\org\aspectj\aspectjweaver\1.9.22\aspectjweaver-1.9.22.jar;C:\Users\ASUS\.m2\repository\org\springframework\boot\spring-boot-starter-jdbc\3.2.5\spring-boot-starter-jdbc-3.2.5.jar;C:\Users\ASUS\.m2\repository\com\zaxxer\HikariCP\5.0.1\HikariCP-5.0.1.jar;C:\Users\ASUS\.m2\repository\org\springframework\spring-jdbc\6.1.6\spring-jdbc-6.1.6.jar;C:\Users\ASUS\.m2\repository\org\hibernate\orm\hibernate-core\6.4.4.Final\hibernate-core-6.4.4.Final.jar;C:\Users\ASUS\.m2\repository\jakarta\persistence\jakarta.persistence-api\3.1.0\jakarta.persistence-api-3.1.0.jar;C:\Users\ASUS\.m2\repository\jakarta\transaction\jakarta.transaction-api\2.0.1\jakarta.transaction-api-2.0.1.jar;C:\Users\ASUS\.m2\repository\org\jboss\logging\jboss-logging\3.5.3.Final\jboss-logging-3.5.3.Final.jar;C:\Users\ASUS\.m2\repository\org\hibernate\common\hibernate-commons-annotations\6.0.6.Final\hibernate-commons-annotations-6.0.6.Final.jar;C:\Users\ASUS\.m2\repository\io\smallrye\jandex\3.1.2\jandex-3.1.2.jar;C:\Users\ASUS\.m2\repository\com\fasterxml\classmate\1.6.0\classmate-1.6.0.jar;C:\Users\ASUS\.m2\repository\net\bytebuddy\byte-buddy\1.14.13\byte-buddy-1.14.13.jar;C:\Users\ASUS\.m2\repository\org\glassfish\jaxb\jaxb-runtime\4.0.5\jaxb-runtime-4.0.5.jar;C:\Users\ASUS\.m2\repository\org\glassfish\jaxb\jaxb-core\4.0.5\jaxb-core-4.0.5.jar;C:\Users\ASUS\.m2\repository\org\eclipse\angus\angus-activation\2.0.2\angus-activation-2.0.2.jar;C:\Users\ASUS\.m2\repository\org\glassfish\jaxb\txw2\4.0.5\txw2-4.0.5.jar;C:\Users\ASUS\.m2\repository\com\sun\istack\istack-commons-runtime\4.1.2\istack-commons-runtime-4.1.2.jar;C:\Users\ASUS\.m2\repository\jakarta\inject\jakarta.inject-api\2.0.1\jakarta.inject-api-2.0.1.jar;C:\Users\ASUS\.m2\repository\org\antlr\antlr4-runtime\4.13.0\antlr4-runtime-4.13.0.jar;C:\Users\ASUS\.m2\repository\org\springframework\data\spring-data-jpa\3.2.5\spring-data-jpa-3.2.5.jar;C:\Users\ASUS\.m2\repository\org\springframework\data\spring-data-commons\3.2.5\spring-data-commons-3.2.5.jar;C:\Users\ASUS\.m2\repository\org\springframework\spring-orm\6.1.6\spring-orm-6.1.6.jar;C:\Users\ASUS\.m2\repository\org\springframework\spring-context\6.1.6\spring-context-6.1.6.jar;C:\Users\ASUS\.m2\repository\org\springframework\spring-tx\6.1.6\spring-tx-6.1.6.jar;C:\Users\ASUS\.m2\repository\org\springframework\spring-beans\6.1.6\spring-beans-6.1.6.jar;C:\Users\ASUS\.m2\repository\jakarta\annotation\jakarta.annotation-api\2.1.1\jakarta.annotation-api-2.1.1.jar;C:\Users\ASUS\.m2\repository\org\slf4j\slf4j-api\2.0.13\slf4j-api-2.0.13.jar;C:\Users\ASUS\.m2\repository\org\springframework\spring-aspects\6.1.6\spring-aspects-6.1.6.jar;C:\Users\ASUS\.m2\repository\org\springframework\boot\spring-boot-starter-validation\3.2.5\spring-boot-starter-validation-3.2.5.jar;C:\Users\ASUS\.m2\repository\org\springframework\boot\spring-boot-starter\3.2.5\spring-boot-starter-3.2.5.jar;C:\Users\ASUS\.m2\repository\org\springframework\boot\spring-boot-starter-logging\3.2.5\spring-boot-starter-logging-3.2.5.jar;C:\Users\ASUS\.m2\repository\ch\qos\logback\logback-classic\1.4.14\logback-classic-1.4.14.jar;C:\Users\ASUS\.m2\repository\ch\qos\logback\logback-core\1.4.14\logback-core-1.4.14.jar;C:\Users\ASUS\.m2\repository\org\apache\logging\log4j\log4j-to-slf4j\2.21.1\log4j-to-slf4j-2.21.1.jar;C:\Users\ASUS\.m2\repository\org\apache\logging\log4j\log4j-api\2.21.1\log4j-api-2.21.1.jar;C:\Users\ASUS\.m2\repository\org\slf4j\jul-to-slf4j\2.0.13\jul-to-slf4j-2.0.13.jar;C:\Users\ASUS\.m2\repository\org\yaml\snakeyaml\2.2\snakeyaml-2.2.jar;C:\Users\ASUS\.m2\repository\org\apache\tomcat\embed\tomcat-embed-el\10.1.20\tomcat-embed-el-10.1.20.jar;C:\Users\ASUS\.m2\repository\org\hibernate\validator\hibernate-validator\8.0.1.Final\hibernate-validator-8.0.1.Final.jar;C:\Users\ASUS\.m2\repository\jakarta\validation\jakarta.validation-api\3.0.2\jakarta.validation-api-3.0.2.jar;C:\Users\ASUS\.m2\repository\org\springdoc\springdoc-openapi-starter-webmvc-ui\2.5.0\springdoc-openapi-starter-webmvc-ui-2.5.0.jar;C:\Users\ASUS\.m2\repository\org\springdoc\springdoc-openapi-starter-webmvc-api\2.5.0\springdoc-openapi-starter-webmvc-api-2.5.0.jar;C:\Users\ASUS\.m2\repository\org\springdoc\springdoc-openapi-starter-common\2.5.0\springdoc-openapi-starter-common-2.5.0.jar;C:\Users\ASUS\.m2\repository\io\swagger\core\v3\swagger-core-jakarta\2.2.21\swagger-core-jakarta-2.2.21.jar;C:\Users\ASUS\.m2\repository\org\apache\commons\commons-lang3\3.13.0\commons-lang3-3.13.0.jar;C:\Users\ASUS\.m2\repository\io\swagger\core\v3\swagger-annotations-jakarta\2.2.21\swagger-annotations-jakarta-2.2.21.jar;C:\Users\ASUS\.m2\repository\io\swagger\core\v3\swagger-models-jakarta\2.2.21\swagger-models-jakarta-2.2.21.jar;C:\Users\ASUS\.m2\repository\com\fasterxml\jackson\dataformat\jackson-dataformat-yaml\2.15.4\jackson-dataformat-yaml-2.15.4.jar;C:\Users\ASUS\.m2\repository\org\webjars\swagger-ui\5.13.0\swagger-ui-5.13.0.jar;C:\Users\ASUS\.m2\repository\com\aventstack\extentreports\4.1.5\extentreports-4.1.5.jar;C:\Users\ASUS\.m2\repository\org\freemarker\freemarker\2.3.32\freemarker-2.3.32.jar;C:\Users\ASUS\.m2\repository\org\apache\httpcomponents\httpclient\4.5.2\httpclient-4.5.2.jar;C:\Users\ASUS\.m2\repository\org\apache\httpcomponents\httpcore\4.4.16\httpcore-4.4.16.jar;C:\Users\ASUS\.m2\repository\commons-logging\commons-logging\1.2\commons-logging-1.2.jar;C:\Users\ASUS\.m2\repository\commons-codec\commons-codec\1.16.1\commons-codec-1.16.1.jar;C:\Users\ASUS\.m2\repository\org\apache\httpcomponents\httpmime\4.5.2\httpmime-4.5.2.jar;C:\Users\ASUS\.m2\repository\com\google\code\gson\gson\2.10.1\gson-2.10.1.jar;C:\Users\ASUS\.m2\repository\org\mongodb\bson\4.11.2\bson-4.11.2.jar;C:\Users\ASUS\.m2\repository\org\springframework\boot\spring-boot-starter-web\3.2.5\spring-boot-starter-web-3.2.5.jar;C:\Users\ASUS\.m2\repository\org\springframework\boot\spring-boot-starter-json\3.2.5\spring-boot-starter-json-3.2.5.jar;C:\Users\ASUS\.m2\repository\com\fasterxml\jackson\core\jackson-databind\2.15.4\jackson-databind-2.15.4.jar;C:\Users\ASUS\.m2\repository\com\fasterxml\jackson\core\jackson-annotations\2.15.4\jackson-annotations-2.15.4.jar;C:\Users\ASUS\.m2\repository\com\fasterxml\jackson\core\jackson-core\2.15.4\jackson-core-2.15.4.jar;C:\Users\ASUS\.m2\repository\com\fasterxml\jackson\datatype\jackson-datatype-jdk8\2.15.4\jackson-datatype-jdk8-2.15.4.jar;C:\Users\ASUS\.m2\repository\com\fasterxml\jackson\datatype\jackson-datatype-jsr310\2.15.4\jackson-datatype-jsr310-2.15.4.jar;C:\Users\ASUS\.m2\repository\com\fasterxml\jackson\module\jackson-module-parameter-names\2.15.4\jackson-module-parameter-names-2.15.4.jar;C:\Users\ASUS\.m2\repository\org\springframework\boot\spring-boot-starter-tomcat\3.2.5\spring-boot-starter-tomcat-3.2.5.jar;C:\Users\ASUS\.m2\repository\org\apache\tomcat\embed\tomcat-embed-core\10.1.20\tomcat-embed-core-10.1.20.jar;C:\Users\ASUS\.m2\repository\org\apache\tomcat\embed\tomcat-embed-websocket\10.1.20\tomcat-embed-websocket-10.1.20.jar;C:\Users\ASUS\.m2\repository\org\springframework\spring-web\6.1.6\spring-web-6.1.6.jar;C:\Users\ASUS\.m2\repository\io\micrometer\micrometer-observation\1.12.5\micrometer-observation-1.12.5.jar;C:\Users\ASUS\.m2\repository\io\micrometer\micrometer-commons\1.12.5\micrometer-commons-1.12.5.jar;C:\Users\ASUS\.m2\repository\org\springframework\spring-webmvc\6.1.6\spring-webmvc-6.1.6.jar;C:\Users\ASUS\.m2\repository\org\springframework\spring-expression\6.1.6\spring-expression-6.1.6.jar;C:\Users\ASUS\.m2\repository\com\mysql\mysql-connector-j\8.3.0\mysql-connector-j-8.3.0.jar;C:\Users\ASUS\.m2\repository\org\projectlombok\lombok\1.18.32\lombok-1.18.32.jar;C:\Users\ASUS\.m2\repository\org\springframework\boot\spring-boot-devtools\3.2.5\spring-boot-devtools-3.2.5.jar;C:\Users\ASUS\.m2\repository\org\springframework\boot\spring-boot\3.2.5\spring-boot-3.2.5.jar;C:\Users\ASUS\.m2\repository\org\springframework\boot\spring-boot-autoconfigure\3.2.5\spring-boot-autoconfigure-3.2.5.jar;C:\Users\ASUS\.m2\repository\org\springframework\boot\spring-boot-starter-test\3.2.5\spring-boot-starter-test-3.2.5.jar;C:\Users\ASUS\.m2\repository\org\springframework\boot\spring-boot-test\3.2.5\spring-boot-test-3.2.5.jar;C:\Users\ASUS\.m2\repository\org\springframework\boot\spring-boot-test-autoconfigure\3.2.5\spring-boot-test-autoconfigure-3.2.5.jar;C:\Users\ASUS\.m2\repository\com\jayway\jsonpath\json-path\2.9.0\json-path-2.9.0.jar;C:\Users\ASUS\.m2\repository\jakarta\xml\bind\jakarta.xml.bind-api\4.0.2\jakarta.xml.bind-api-4.0.2.jar;C:\Users\ASUS\.m2\repository\jakarta\activation\jakarta.activation-api\2.1.3\jakarta.activation-api-2.1.3.jar;C:\Users\ASUS\.m2\repository\net\minidev\json-smart\2.5.1\json-smart-2.5.1.jar;C:\Users\ASUS\.m2\repository\net\minidev\accessors-smart\2.5.1\accessors-smart-2.5.1.jar;C:\Users\ASUS\.m2\repository\org\ow2\asm\asm\9.6\asm-9.6.jar;C:\Users\ASUS\.m2\repository\org\assertj\assertj-core\3.24.2\assertj-core-3.24.2.jar;C:\Users\ASUS\.m2\repository\org\awaitility\awaitility\4.2.1\awaitility-4.2.1.jar;C:\Users\ASUS\.m2\repository\org\hamcrest\hamcrest\2.2\hamcrest-2.2.jar;C:\Users\ASUS\.m2\repository\org\junit\jupiter\junit-jupiter\5.10.2\junit-jupiter-5.10.2.jar;C:\Users\ASUS\.m2\repository\org\junit\jupiter\junit-jupiter-api\5.10.2\junit-jupiter-api-5.10.2.jar;C:\Users\ASUS\.m2\repository\org\opentest4j\opentest4j\1.3.0\opentest4j-1.3.0.jar;C:\Users\ASUS\.m2\repository\org\junit\platform\junit-platform-commons\1.10.2\junit-platform-commons-1.10.2.jar;C:\Users\ASUS\.m2\repository\org\apiguardian\apiguardian-api\1.1.2\apiguardian-api-1.1.2.jar;C:\Users\ASUS\.m2\repository\org\junit\jupiter\junit-jupiter-params\5.10.2\junit-jupiter-params-5.10.2.jar;C:\Users\ASUS\.m2\repository\org\junit\jupiter\junit-jupiter-engine\5.10.2\junit-jupiter-engine-5.10.2.jar;C:\Users\ASUS\.m2\repository\org\junit\platform\junit-platform-engine\1.10.2\junit-platform-engine-1.10.2.jar;C:\Users\ASUS\.m2\repository\org\mockito\mockito-core\5.7.0\mockito-core-5.7.0.jar;C:\Users\ASUS\.m2\repository\net\bytebuddy\byte-buddy-agent\1.14.13\byte-buddy-agent-1.14.13.jar;C:\Users\ASUS\.m2\repository\org\objenesis\objenesis\3.3\objenesis-3.3.jar;C:\Users\ASUS\.m2\repository\org\mockito\mockito-junit-jupiter\5.7.0\mockito-junit-jupiter-5.7.0.jar;C:\Users\ASUS\.m2\repository\org\skyscreamer\jsonassert\1.5.1\jsonassert-1.5.1.jar;C:\Users\ASUS\.m2\repository\com\vaadin\external\google\android-json\0.0.20131108.vaadin1\android-json-0.0.20131108.vaadin1.jar;C:\Users\ASUS\.m2\repository\org\springframework\spring-core\6.1.6\spring-core-6.1.6.jar;C:\Users\ASUS\.m2\repository\org\springframework\spring-jcl\6.1.6\spring-jcl-6.1.6.jar;C:\Users\ASUS\.m2\repository\org\springframework\spring-test\6.1.6\spring-test-6.1.6.jar;C:\Users\ASUS\.m2\repository\org\xmlunit\xmlunit-core\2.9.1\xmlunit-core-2.9.1.jar;"/>
    <property name="java.vm.vendor" value="Oracle Corporation"/>
    <property name="sun.arch.data.model" value="64"/>
    <property name="user.variant" value=""/>
    <property name="java.vendor.url" value="https://java.oracle.com/"/>
    <property name="user.timezone" value="Asia/Calcutta"/>
    <property name="org.jboss.logging.provider" value="slf4j"/>
    <property name="os.name" value="Windows 11"/>
    <property name="java.vm.specification.version" value="21"/>
    <property name="sun.java.launcher" value="SUN_STANDARD"/>
    <property name="user.country" value="US"/>
    <property name="sun.boot.library.path" value="C:\Program Files\Java\jdk-21\bin"/>
    <property name="sun.java.command" value="C:\Users\ASUS\AppData\Local\Temp\surefire1286033589744891810\surefirebooter-20240528165556179_3.jar C:\Users\ASUS\AppData\Local\Temp\surefire1286033589744891810 2024-05-28T16-55-55_873-jvmRun1 surefire-20240528165556179_1tmp surefire_0-20240528165556179_2tmp"/>
    <property name="jdk.debug" value="release"/>
    <property name="surefire.test.class.path" value="C:\Users\ASUS\OneDrive\Desktop\AvisoftERP\target\test-classes;C:\Users\ASUS\OneDrive\Desktop\AvisoftERP\target\classes;C:\Users\ASUS\.m2\repository\org\springframework\boot\spring-boot-starter-data-jpa\3.2.5\spring-boot-starter-data-jpa-3.2.5.jar;C:\Users\ASUS\.m2\repository\org\springframework\boot\spring-boot-starter-aop\3.2.5\spring-boot-starter-aop-3.2.5.jar;C:\Users\ASUS\.m2\repository\org\springframework\spring-aop\6.1.6\spring-aop-6.1.6.jar;C:\Users\ASUS\.m2\repository\org\aspectj\aspectjweaver\1.9.22\aspectjweaver-1.9.22.jar;C:\Users\ASUS\.m2\repository\org\springframework\boot\spring-boot-starter-jdbc\3.2.5\spring-boot-starter-jdbc-3.2.5.jar;C:\Users\ASUS\.m2\repository\com\zaxxer\HikariCP\5.0.1\HikariCP-5.0.1.jar;C:\Users\ASUS\.m2\repository\org\springframework\spring-jdbc\6.1.6\spring-jdbc-6.1.6.jar;C:\Users\ASUS\.m2\repository\org\hibernate\orm\hibernate-core\6.4.4.Final\hibernate-core-6.4.4.Final.jar;C:\Users\ASUS\.m2\repository\jakarta\persistence\jakarta.persistence-api\3.1.0\jakarta.persistence-api-3.1.0.jar;C:\Users\ASUS\.m2\repository\jakarta\transaction\jakarta.transaction-api\2.0.1\jakarta.transaction-api-2.0.1.jar;C:\Users\ASUS\.m2\repository\org\jboss\logging\jboss-logging\3.5.3.Final\jboss-logging-3.5.3.Final.jar;C:\Users\ASUS\.m2\repository\org\hibernate\common\hibernate-commons-annotations\6.0.6.Final\hibernate-commons-annotations-6.0.6.Final.jar;C:\Users\ASUS\.m2\repository\io\smallrye\jandex\3.1.2\jandex-3.1.2.jar;C:\Users\ASUS\.m2\repository\com\fasterxml\classmate\1.6.0\classmate-1.6.0.jar;C:\Users\ASUS\.m2\repository\net\bytebuddy\byte-buddy\1.14.13\byte-buddy-1.14.13.jar;C:\Users\ASUS\.m2\repository\org\glassfish\jaxb\jaxb-runtime\4.0.5\jaxb-runtime-4.0.5.jar;C:\Users\ASUS\.m2\repository\org\glassfish\jaxb\jaxb-core\4.0.5\jaxb-core-4.0.5.jar;C:\Users\ASUS\.m2\repository\org\eclipse\angus\angus-activation\2.0.2\angus-activation-2.0.2.jar;C:\Users\ASUS\.m2\repository\org\glassfish\jaxb\txw2\4.0.5\txw2-4.0.5.jar;C:\Users\ASUS\.m2\repository\com\sun\istack\istack-commons-runtime\4.1.2\istack-commons-runtime-4.1.2.jar;C:\Users\ASUS\.m2\repository\jakarta\inject\jakarta.inject-api\2.0.1\jakarta.inject-api-2.0.1.jar;C:\Users\ASUS\.m2\repository\org\antlr\antlr4-runtime\4.13.0\antlr4-runtime-4.13.0.jar;C:\Users\ASUS\.m2\repository\org\springframework\data\spring-data-jpa\3.2.5\spring-data-jpa-3.2.5.jar;C:\Users\ASUS\.m2\repository\org\springframework\data\spring-data-commons\3.2.5\spring-data-commons-3.2.5.jar;C:\Users\ASUS\.m2\repository\org\springframework\spring-orm\6.1.6\spring-orm-6.1.6.jar;C:\Users\ASUS\.m2\repository\org\springframework\spring-context\6.1.6\spring-context-6.1.6.jar;C:\Users\ASUS\.m2\repository\org\springframework\spring-tx\6.1.6\spring-tx-6.1.6.jar;C:\Users\ASUS\.m2\repository\org\springframework\spring-beans\6.1.6\spring-beans-6.1.6.jar;C:\Users\ASUS\.m2\repository\jakarta\annotation\jakarta.annotation-api\2.1.1\jakarta.annotation-api-2.1.1.jar;C:\Users\ASUS\.m2\repository\org\slf4j\slf4j-api\2.0.13\slf4j-api-2.0.13.jar;C:\Users\ASUS\.m2\repository\org\springframework\spring-aspects\6.1.6\spring-aspects-6.1.6.jar;C:\Users\ASUS\.m2\repository\org\springframework\boot\spring-boot-starter-validation\3.2.5\spring-boot-starter-validation-3.2.5.jar;C:\Users\ASUS\.m2\repository\org\springframework\boot\spring-boot-starter\3.2.5\spring-boot-starter-3.2.5.jar;C:\Users\ASUS\.m2\repository\org\springframework\boot\spring-boot-starter-logging\3.2.5\spring-boot-starter-logging-3.2.5.jar;C:\Users\ASUS\.m2\repository\ch\qos\logback\logback-classic\1.4.14\logback-classic-1.4.14.jar;C:\Users\ASUS\.m2\repository\ch\qos\logback\logback-core\1.4.14\logback-core-1.4.14.jar;C:\Users\ASUS\.m2\repository\org\apache\logging\log4j\log4j-to-slf4j\2.21.1\log4j-to-slf4j-2.21.1.jar;C:\Users\ASUS\.m2\repository\org\apache\logging\log4j\log4j-api\2.21.1\log4j-api-2.21.1.jar;C:\Users\ASUS\.m2\repository\org\slf4j\jul-to-slf4j\2.0.13\jul-to-slf4j-2.0.13.jar;C:\Users\ASUS\.m2\repository\org\yaml\snakeyaml\2.2\snakeyaml-2.2.jar;C:\Users\ASUS\.m2\repository\org\apache\tomcat\embed\tomcat-embed-el\10.1.20\tomcat-embed-el-10.1.20.jar;C:\Users\ASUS\.m2\repository\org\hibernate\validator\hibernate-validator\8.0.1.Final\hibernate-validator-8.0.1.Final.jar;C:\Users\ASUS\.m2\repository\jakarta\validation\jakarta.validation-api\3.0.2\jakarta.validation-api-3.0.2.jar;C:\Users\ASUS\.m2\repository\org\springdoc\springdoc-openapi-starter-webmvc-ui\2.5.0\springdoc-openapi-starter-webmvc-ui-2.5.0.jar;C:\Users\ASUS\.m2\repository\org\springdoc\springdoc-openapi-starter-webmvc-api\2.5.0\springdoc-openapi-starter-webmvc-api-2.5.0.jar;C:\Users\ASUS\.m2\repository\org\springdoc\springdoc-openapi-starter-common\2.5.0\springdoc-openapi-starter-common-2.5.0.jar;C:\Users\ASUS\.m2\repository\io\swagger\core\v3\swagger-core-jakarta\2.2.21\swagger-core-jakarta-2.2.21.jar;C:\Users\ASUS\.m2\repository\org\apache\commons\commons-lang3\3.13.0\commons-lang3-3.13.0.jar;C:\Users\ASUS\.m2\repository\io\swagger\core\v3\swagger-annotations-jakarta\2.2.21\swagger-annotations-jakarta-2.2.21.jar;C:\Users\ASUS\.m2\repository\io\swagger\core\v3\swagger-models-jakarta\2.2.21\swagger-models-jakarta-2.2.21.jar;C:\Users\ASUS\.m2\repository\com\fasterxml\jackson\dataformat\jackson-dataformat-yaml\2.15.4\jackson-dataformat-yaml-2.15.4.jar;C:\Users\ASUS\.m2\repository\org\webjars\swagger-ui\5.13.0\swagger-ui-5.13.0.jar;C:\Users\ASUS\.m2\repository\com\aventstack\extentreports\4.1.5\extentreports-4.1.5.jar;C:\Users\ASUS\.m2\repository\org\freemarker\freemarker\2.3.32\freemarker-2.3.32.jar;C:\Users\ASUS\.m2\repository\org\apache\httpcomponents\httpclient\4.5.2\httpclient-4.5.2.jar;C:\Users\ASUS\.m2\repository\org\apache\httpcomponents\httpcore\4.4.16\httpcore-4.4.16.jar;C:\Users\ASUS\.m2\repository\commons-logging\commons-logging\1.2\commons-logging-1.2.jar;C:\Users\ASUS\.m2\repository\commons-codec\commons-codec\1.16.1\commons-codec-1.16.1.jar;C:\Users\ASUS\.m2\repository\org\apache\httpcomponents\httpmime\4.5.2\httpmime-4.5.2.jar;C:\Users\ASUS\.m2\repository\com\google\code\gson\gson\2.10.1\gson-2.10.1.jar;C:\Users\ASUS\.m2\repository\org\mongodb\bson\4.11.2\bson-4.11.2.jar;C:\Users\ASUS\.m2\repository\org\springframework\boot\spring-boot-starter-web\3.2.5\spring-boot-starter-web-3.2.5.jar;C:\Users\ASUS\.m2\repository\org\springframework\boot\spring-boot-starter-json\3.2.5\spring-boot-starter-json-3.2.5.jar;C:\Users\ASUS\.m2\repository\com\fasterxml\jackson\core\jackson-databind\2.15.4\jackson-databind-2.15.4.jar;C:\Users\ASUS\.m2\repository\com\fasterxml\jackson\core\jackson-annotations\2.15.4\jackson-annotations-2.15.4.jar;C:\Users\ASUS\.m2\repository\com\fasterxml\jackson\core\jackson-core\2.15.4\jackson-core-2.15.4.jar;C:\Users\ASUS\.m2\repository\com\fasterxml\jackson\datatype\jackson-datatype-jdk8\2.15.4\jackson-datatype-jdk8-2.15.4.jar;C:\Users\ASUS\.m2\repository\com\fasterxml\jackson\datatype\jackson-datatype-jsr310\2.15.4\jackson-datatype-jsr310-2.15.4.jar;C:\Users\ASUS\.m2\repository\com\fasterxml\jackson\module\jackson-module-parameter-names\2.15.4\jackson-module-parameter-names-2.15.4.jar;C:\Users\ASUS\.m2\repository\org\springframework\boot\spring-boot-starter-tomcat\3.2.5\spring-boot-starter-tomcat-3.2.5.jar;C:\Users\ASUS\.m2\repository\org\apache\tomcat\embed\tomcat-embed-core\10.1.20\tomcat-embed-core-10.1.20.jar;C:\Users\ASUS\.m2\repository\org\apache\tomcat\embed\tomcat-embed-websocket\10.1.20\tomcat-embed-websocket-10.1.20.jar;C:\Users\ASUS\.m2\repository\org\springframework\spring-web\6.1.6\spring-web-6.1.6.jar;C:\Users\ASUS\.m2\repository\io\micrometer\micrometer-observation\1.12.5\micrometer-observation-1.12.5.jar;C:\Users\ASUS\.m2\repository\io\micrometer\micrometer-commons\1.12.5\micrometer-commons-1.12.5.jar;C:\Users\ASUS\.m2\repository\org\springframework\spring-webmvc\6.1.6\spring-webmvc-6.1.6.jar;C:\Users\ASUS\.m2\repository\org\springframework\spring-expression\6.1.6\spring-expression-6.1.6.jar;C:\Users\ASUS\.m2\repository\com\mysql\mysql-connector-j\8.3.0\mysql-connector-j-8.3.0.jar;C:\Users\ASUS\.m2\repository\org\projectlombok\lombok\1.18.32\lombok-1.18.32.jar;C:\Users\ASUS\.m2\repository\org\springframework\boot\spring-boot-devtools\3.2.5\spring-boot-devtools-3.2.5.jar;C:\Users\ASUS\.m2\repository\org\springframework\boot\spring-boot\3.2.5\spring-boot-3.2.5.jar;C:\Users\ASUS\.m2\repository\org\springframework\boot\spring-boot-autoconfigure\3.2.5\spring-boot-autoconfigure-3.2.5.jar;C:\Users\ASUS\.m2\repository\org\springframework\boot\spring-boot-starter-test\3.2.5\spring-boot-starter-test-3.2.5.jar;C:\Users\ASUS\.m2\repository\org\springframework\boot\spring-boot-test\3.2.5\spring-boot-test-3.2.5.jar;C:\Users\ASUS\.m2\repository\org\springframework\boot\spring-boot-test-autoconfigure\3.2.5\spring-boot-test-autoconfigure-3.2.5.jar;C:\Users\ASUS\.m2\repository\com\jayway\jsonpath\json-path\2.9.0\json-path-2.9.0.jar;C:\Users\ASUS\.m2\repository\jakarta\xml\bind\jakarta.xml.bind-api\4.0.2\jakarta.xml.bind-api-4.0.2.jar;C:\Users\ASUS\.m2\repository\jakarta\activation\jakarta.activation-api\2.1.3\jakarta.activation-api-2.1.3.jar;C:\Users\ASUS\.m2\repository\net\minidev\json-smart\2.5.1\json-smart-2.5.1.jar;C:\Users\ASUS\.m2\repository\net\minidev\accessors-smart\2.5.1\accessors-smart-2.5.1.jar;C:\Users\ASUS\.m2\repository\org\ow2\asm\asm\9.6\asm-9.6.jar;C:\Users\ASUS\.m2\repository\org\assertj\assertj-core\3.24.2\assertj-core-3.24.2.jar;C:\Users\ASUS\.m2\repository\org\awaitility\awaitility\4.2.1\awaitility-4.2.1.jar;C:\Users\ASUS\.m2\repository\org\hamcrest\hamcrest\2.2\hamcrest-2.2.jar;C:\Users\ASUS\.m2\repository\org\junit\jupiter\junit-jupiter\5.10.2\junit-jupiter-5.10.2.jar;C:\Users\ASUS\.m2\repository\org\junit\jupiter\junit-jupiter-api\5.10.2\junit-jupiter-api-5.10.2.jar;C:\Users\ASUS\.m2\repository\org\opentest4j\opentest4j\1.3.0\opentest4j-1.3.0.jar;C:\Users\ASUS\.m2\repository\org\junit\platform\junit-platform-commons\1.10.2\junit-platform-commons-1.10.2.jar;C:\Users\ASUS\.m2\repository\org\apiguardian\apiguardian-api\1.1.2\apiguardian-api-1.1.2.jar;C:\Users\ASUS\.m2\repository\org\junit\jupiter\junit-jupiter-params\5.10.2\junit-jupiter-params-5.10.2.jar;C:\Users\ASUS\.m2\repository\org\junit\jupiter\junit-jupiter-engine\5.10.2\junit-jupiter-engine-5.10.2.jar;C:\Users\ASUS\.m2\repository\org\junit\platform\junit-platform-engine\1.10.2\junit-platform-engine-1.10.2.jar;C:\Users\ASUS\.m2\repository\org\mockito\mockito-core\5.7.0\mockito-core-5.7.0.jar;C:\Users\ASUS\.m2\repository\net\bytebuddy\byte-buddy-agent\1.14.13\byte-buddy-agent-1.14.13.jar;C:\Users\ASUS\.m2\repository\org\objenesis\objenesis\3.3\objenesis-3.3.jar;C:\Users\ASUS\.m2\repository\org\mockito\mockito-junit-jupiter\5.7.0\mockito-junit-jupiter-5.7.0.jar;C:\Users\ASUS\.m2\repository\org\skyscreamer\jsonassert\1.5.1\jsonassert-1.5.1.jar;C:\Users\ASUS\.m2\repository\com\vaadin\external\google\android-json\0.0.20131108.vaadin1\android-json-0.0.20131108.vaadin1.jar;C:\Users\ASUS\.m2\repository\org\springframework\spring-core\6.1.6\spring-core-6.1.6.jar;C:\Users\ASUS\.m2\repository\org\springframework\spring-jcl\6.1.6\spring-jcl-6.1.6.jar;C:\Users\ASUS\.m2\repository\org\springframework\spring-test\6.1.6\spring-test-6.1.6.jar;C:\Users\ASUS\.m2\repository\org\xmlunit\xmlunit-core\2.9.1\xmlunit-core-2.9.1.jar;"/>
    <property name="sun.cpu.endian" value="little"/>
    <property name="user.home" value="C:\Users\ASUS"/>
    <property name="user.language" value="en"/>
    <property name="java.specification.vendor" value="Oracle Corporation"/>
    <property name="java.version.date" value="2024-01-16"/>
    <property name="java.home" value="C:\Program Files\Java\jdk-21"/>
    <property name="file.separator" value="\"/>
    <property name="basedir" value="C:\Users\ASUS\OneDrive\Desktop\AvisoftERP"/>
    <property name="java.vm.compressedOopsMode" value="Zero based"/>
    <property name="line.separator" value="&#10;"/>
    <property name="java.vm.specification.vendor" value="Oracle Corporation"/>
    <property name="java.specification.name" value="Java Platform API Specification"/>
    <property name="FILE_LOG_CHARSET" value="UTF-8"/>
    <property name="java.awt.headless" value="true"/>
    <property name="surefire.real.class.path" value="C:\Users\ASUS\AppData\Local\Temp\surefire1286033589744891810\surefirebooter-20240528165556179_3.jar"/>
    <property name="user.script" value=""/>
    <property name="sun.management.compiler" value="HotSpot 64-Bit Tiered Compilers"/>
    <property name="java.runtime.version" value="21.0.2+13-LTS-58"/>
    <property name="user.name" value="ASUS"/>
    <property name="stdout.encoding" value="Cp1252"/>
    <property name="path.separator" value=";"/>
    <property name="os.version" value="10.0"/>
    <property name="java.runtime.name" value="Java(TM) SE Runtime Environment"/>
    <property name="file.encoding" value="UTF-8"/>
    <property name="java.vm.name" value="Java HotSpot(TM) 64-Bit Server VM"/>
    <property name="localRepository" value="C:\Users\ASUS\.m2\repository"/>
    <property name="java.vendor.url.bug" value="https://bugreport.java.com/bugreport/"/>
    <property name="java.io.tmpdir" value="C:\Users\ASUS\AppData\Local\Temp\"/>
    <property name="com.zaxxer.hikari.pool_number" value="2"/>
    <property name="java.version" value="21.0.2"/>
    <property name="user.dir" value="C:\Users\ASUS\OneDrive\Desktop\AvisoftERP"/>
    <property name="os.arch" value="amd64"/>
    <property name="java.vm.specification.name" value="Java Virtual Machine Specification"/>
    <property name="PID" value="28188"/>
    <property name="sun.os.patch.level" value=""/>
    <property name="CONSOLE_LOG_CHARSET" value="UTF-8"/>
    <property name="native.encoding" value="Cp1252"/>
    <property name="java.library.path" value="C:\Program Files\Java\jdk-21\bin;C:\WINDOWS\Sun\Java\bin;C:\WINDOWS\system32;C:\WINDOWS;C:\Program Files\Common Files\Oracle\Java\javapath;C:\Python311\Scripts\;C:\Python311\;C:\Windows\system32;C:\Windows;C:\Windows\System32\Wbem;C:\Windows\System32\WindowsPowerShell\v1.0\;C:\Windows\System32\OpenSSH\;C:\Program Files (x86)\NVIDIA Corporation\PhysX\Common;C:\Program Files\dotnet\;C:\WINDOWS\system32;C:\WINDOWS;C:\WINDOWS\System32\Wbem;C:\WINDOWS\System32\WindowsPowerShell\v1.0\;C:\WINDOWS\System32\OpenSSH\;C:\Program Files\NVIDIA Corporation\NVIDIA NvDLISR;C:\ProgramData\chocolatey\bin;C:\Program Files\nodejs\;C:\Users\ASUS\Downloads\apache-maven-3.9.6-bin\apache-maven-3.9.6\bin;C:\Program Files\MySQL\MySQL Server 8.0\bin;C:\Program Files\Git\cmd;C:\Program Files\MySQL\MySQL Shell 8.0\bin\;C:\Users\ASUS\.console-ninja\.bin;C:\Users\ASUS\AppData\Local\Microsoft\WindowsApps;C:\Users\ASUS\AppData\Local\Programs\Microsoft VS Code\bin;C:\MinGW\mingw32\bin;C:\msys64\mingw64\bin;C:\Users\ASUS\AppData\Roaming\npm;C:\Users\ASUS\AppData\Local\Programs\Python\Python312;;C:\Program Files\JetBrains\IntelliJ IDEA Community Edition 2023.3.2\bin;;."/>
    <property name="java.vm.info" value="mixed mode, sharing"/>
    <property name="stderr.encoding" value="Cp1252"/>
    <property name="java.vendor" value="Oracle Corporation"/>
    <property name="java.vm.version" value="21.0.2+13-LTS-58"/>
    <property name="sun.io.unicode.encoding" value="UnicodeLittle"/>
    <property name="java.class.version" value="65.0"/>
    <property name="LOGGED_APPLICATION_NAME" value="[ERP] "/>
  </properties>
  <testcase name="updateProject" classname="com.ERP.repositoriesTest.ProjectRepositoryTest" time="1.349">
    <system-out><![CDATA[24-05-28 16:56:28.032 [main] INFO  o.s.t.c.s.AnnotationConfigContextLoaderUtils - Could not detect default configuration classes for test class [com.ERP.repositoriesTest.ProjectRepositoryTest]: ProjectRepositoryTest does not declare any static, non-private, non-final, nested classes annotated with @Configuration. 
24-05-28 16:56:28.035 [main] INFO  o.s.b.t.c.SpringBootTestContextBootstrapper - Found @SpringBootConfiguration com.ERP.ErpApplication for test class com.ERP.repositoriesTest.ProjectRepositoryTest 
24-05-28 16:56:28.046 [main] INFO  c.E.r.ProjectRepositoryTest - Starting updateProject 
Hibernate: select p1_0.project_id,p1_0.client_id,p1_0.department_id,p1_0.description,p1_0.end_date,p1_0.name,p1_0.start_date,p1_0.status from project p1_0
Hibernate: select as1_0.project_id,as1_1.asset_id,as1_1.current_value,as1_1.description,as1_1.name,as1_1.purchase_cost,as1_1.purchase_date,as1_1.status from project_assets as1_0 join asset as1_1 on as1_1.asset_id=as1_0.asset_id where as1_0.project_id=?
Hibernate: select as1_0.project_id,as1_1.asset_id,as1_1.current_value,as1_1.description,as1_1.name,as1_1.purchase_cost,as1_1.purchase_date,as1_1.status from project_assets as1_0 join asset as1_1 on as1_1.asset_id=as1_0.asset_id where as1_0.project_id=?
Hibernate: select as1_0.project_id,as1_1.asset_id,as1_1.current_value,as1_1.description,as1_1.name,as1_1.purchase_cost,as1_1.purchase_date,as1_1.status from project_assets as1_0 join asset as1_1 on as1_1.asset_id=as1_0.asset_id where as1_0.project_id=?
Hibernate: select as1_0.project_id,as1_1.asset_id,as1_1.current_value,as1_1.description,as1_1.name,as1_1.purchase_cost,as1_1.purchase_date,as1_1.status from project_assets as1_0 join asset as1_1 on as1_1.asset_id=as1_0.asset_id where as1_0.project_id=?
Hibernate: select as1_0.project_id,as1_1.asset_id,as1_1.current_value,as1_1.description,as1_1.name,as1_1.purchase_cost,as1_1.purchase_date,as1_1.status from project_assets as1_0 join asset as1_1 on as1_1.asset_id=as1_0.asset_id where as1_0.project_id=?
Hibernate: select as1_0.project_id,as1_1.asset_id,as1_1.current_value,as1_1.description,as1_1.name,as1_1.purchase_cost,as1_1.purchase_date,as1_1.status from project_assets as1_0 join asset as1_1 on as1_1.asset_id=as1_0.asset_id where as1_0.project_id=?
Hibernate: select as1_0.project_id,as1_1.asset_id,as1_1.current_value,as1_1.description,as1_1.name,as1_1.purchase_cost,as1_1.purchase_date,as1_1.status from project_assets as1_0 join asset as1_1 on as1_1.asset_id=as1_0.asset_id where as1_0.project_id=?
Hibernate: select p1_0.project_id,p1_0.client_id,p1_0.department_id,p1_0.description,p1_0.end_date,p1_0.name,p1_0.start_date,p1_0.status from project p1_0 where p1_0.name=?
Hibernate: select as1_0.project_id,as1_1.asset_id,as1_1.current_value,as1_1.description,as1_1.name,as1_1.purchase_cost,as1_1.purchase_date,as1_1.status from project_assets as1_0 join asset as1_1 on as1_1.asset_id=as1_0.asset_id where as1_0.project_id=?
Hibernate: select as1_0.project_id,as1_1.asset_id,as1_1.current_value,as1_1.description,as1_1.name,as1_1.purchase_cost,as1_1.purchase_date,as1_1.status from project_assets as1_0 join asset as1_1 on as1_1.asset_id=as1_0.asset_id where as1_0.project_id=?
Hibernate: select as1_0.project_id,as1_1.asset_id,as1_1.current_value,as1_1.description,as1_1.name,as1_1.purchase_cost,as1_1.purchase_date,as1_1.status from project_assets as1_0 join asset as1_1 on as1_1.asset_id=as1_0.asset_id where as1_0.project_id=?
Hibernate: select as1_0.project_id,as1_1.asset_id,as1_1.current_value,as1_1.description,as1_1.name,as1_1.purchase_cost,as1_1.purchase_date,as1_1.status from project_assets as1_0 join asset as1_1 on as1_1.asset_id=as1_0.asset_id where as1_0.project_id=?
Hibernate: select as1_0.project_id,as1_1.asset_id,as1_1.current_value,as1_1.description,as1_1.name,as1_1.purchase_cost,as1_1.purchase_date,as1_1.status from project_assets as1_0 join asset as1_1 on as1_1.asset_id=as1_0.asset_id where as1_0.project_id=?
Hibernate: select as1_0.project_id,as1_1.asset_id,as1_1.current_value,as1_1.description,as1_1.name,as1_1.purchase_cost,as1_1.purchase_date,as1_1.status from project_assets as1_0 join asset as1_1 on as1_1.asset_id=as1_0.asset_id where as1_0.project_id=?
Hibernate: select as1_0.project_id,as1_1.asset_id,as1_1.current_value,as1_1.description,as1_1.name,as1_1.purchase_cost,as1_1.purchase_date,as1_1.status from project_assets as1_0 join asset as1_1 on as1_1.asset_id=as1_0.asset_id where as1_0.project_id=?
Hibernate: select p1_0.project_id,as1_0.project_id,as1_1.asset_id,as1_1.current_value,as1_1.description,as1_1.name,as1_1.purchase_cost,as1_1.purchase_date,as1_1.status,c1_0.client_id,c1_0.address,c1_0.email,c1_0.name,c1_0.phone,d1_0.department_id,d1_0.name,p1_0.description,p1_0.end_date,p1_0.name,p1_0.start_date,p1_0.status from project p1_0 left join project_assets as1_0 on p1_0.project_id=as1_0.project_id left join asset as1_1 on as1_1.asset_id=as1_0.asset_id left join client c1_0 on c1_0.client_id=p1_0.client_id left join department d1_0 on d1_0.department_id=p1_0.department_id where p1_0.project_id=?
Hibernate: select ts1_0.project_id,ts1_0.task_id,ts1_0.description,e1_0.id,d1_0.department_id,d1_0.name,e1_0.email,e1_0.name,e1_0.role,sp1_0.payment_id,sp1_0.amount,sp1_0.payment_date,ts1_0.end_date,ts1_0.name,ts1_0.start_date,ts1_0.status from task ts1_0 left join employee e1_0 on e1_0.id=ts1_0.employee_id left join department d1_0 on d1_0.department_id=e1_0.department_id left join salary_payment sp1_0 on e1_0.id=sp1_0.employee_id where ts1_0.project_id=?
Hibernate: select is1_0.project_id,is1_0.invoice_id,is1_0.amount,is1_0.invoice_date,is1_0.payment_status from invoice is1_0 where is1_0.project_id=?
Hibernate: update project set client_id=?,department_id=?,description=?,end_date=?,name=?,start_date=?,status=? where project_id=?
24-05-28 16:56:29.390 [main] INFO  c.E.r.ProjectRepositoryTest - updateProject passed 
]]></system-out>
  </testcase>
  <testcase name="addAll" classname="com.ERP.repositoriesTest.ProjectRepositoryTest" time="0.286">
    <system-out><![CDATA[24-05-28 16:56:29.397 [main] INFO  c.E.r.ProjectRepositoryTest - Starting addAll 
Hibernate: select p1_0.project_id,as1_0.project_id,as1_1.asset_id,as1_1.current_value,as1_1.description,as1_1.name,as1_1.purchase_cost,as1_1.purchase_date,as1_1.status,c1_0.client_id,c1_0.address,c1_0.email,c1_0.name,c1_0.phone,d1_0.department_id,d1_0.name,p1_0.description,p1_0.end_date,p1_0.name,p1_0.start_date,p1_0.status from project p1_0 left join project_assets as1_0 on p1_0.project_id=as1_0.project_id left join asset as1_1 on as1_1.asset_id=as1_0.asset_id left join client c1_0 on c1_0.client_id=p1_0.client_id left join department d1_0 on d1_0.department_id=p1_0.department_id where p1_0.project_id=?
Hibernate: insert into project (client_id,department_id,description,end_date,name,start_date,status) values (?,?,?,?,?,?,?)
Hibernate: select p1_0.project_id,as1_0.project_id,as1_1.asset_id,as1_1.current_value,as1_1.description,as1_1.name,as1_1.purchase_cost,as1_1.purchase_date,as1_1.status,c1_0.client_id,c1_0.address,c1_0.email,c1_0.name,c1_0.phone,d1_0.department_id,d1_0.name,p1_0.description,p1_0.end_date,p1_0.name,p1_0.start_date,p1_0.status from project p1_0 left join project_assets as1_0 on p1_0.project_id=as1_0.project_id left join asset as1_1 on as1_1.asset_id=as1_0.asset_id left join client c1_0 on c1_0.client_id=p1_0.client_id left join department d1_0 on d1_0.department_id=p1_0.department_id where p1_0.project_id=?
Hibernate: insert into project (client_id,department_id,description,end_date,name,start_date,status) values (?,?,?,?,?,?,?)
24-05-28 16:56:29.679 [main] INFO  c.E.r.ProjectRepositoryTest - addAll passed 
]]></system-out>
  </testcase>
  <testcase name="findByNameTest" classname="com.ERP.repositoriesTest.ProjectRepositoryTest" time="1.036">
    <system-out><![CDATA[24-05-28 16:56:29.686 [main] INFO  c.E.r.ProjectRepositoryTest - Starting findByNameTest 
Hibernate: select p1_0.project_id,p1_0.client_id,p1_0.department_id,p1_0.description,p1_0.end_date,p1_0.name,p1_0.start_date,p1_0.status from project p1_0
Hibernate: select as1_0.project_id,as1_1.asset_id,as1_1.current_value,as1_1.description,as1_1.name,as1_1.purchase_cost,as1_1.purchase_date,as1_1.status from project_assets as1_0 join asset as1_1 on as1_1.asset_id=as1_0.asset_id where as1_0.project_id=?
Hibernate: select as1_0.project_id,as1_1.asset_id,as1_1.current_value,as1_1.description,as1_1.name,as1_1.purchase_cost,as1_1.purchase_date,as1_1.status from project_assets as1_0 join asset as1_1 on as1_1.asset_id=as1_0.asset_id where as1_0.project_id=?
Hibernate: select as1_0.project_id,as1_1.asset_id,as1_1.current_value,as1_1.description,as1_1.name,as1_1.purchase_cost,as1_1.purchase_date,as1_1.status from project_assets as1_0 join asset as1_1 on as1_1.asset_id=as1_0.asset_id where as1_0.project_id=?
Hibernate: select as1_0.project_id,as1_1.asset_id,as1_1.current_value,as1_1.description,as1_1.name,as1_1.purchase_cost,as1_1.purchase_date,as1_1.status from project_assets as1_0 join asset as1_1 on as1_1.asset_id=as1_0.asset_id where as1_0.project_id=?
Hibernate: select as1_0.project_id,as1_1.asset_id,as1_1.current_value,as1_1.description,as1_1.name,as1_1.purchase_cost,as1_1.purchase_date,as1_1.status from project_assets as1_0 join asset as1_1 on as1_1.asset_id=as1_0.asset_id where as1_0.project_id=?
Hibernate: select as1_0.project_id,as1_1.asset_id,as1_1.current_value,as1_1.description,as1_1.name,as1_1.purchase_cost,as1_1.purchase_date,as1_1.status from project_assets as1_0 join asset as1_1 on as1_1.asset_id=as1_0.asset_id where as1_0.project_id=?
Hibernate: select as1_0.project_id,as1_1.asset_id,as1_1.current_value,as1_1.description,as1_1.name,as1_1.purchase_cost,as1_1.purchase_date,as1_1.status from project_assets as1_0 join asset as1_1 on as1_1.asset_id=as1_0.asset_id where as1_0.project_id=?
Hibernate: select as1_0.project_id,as1_1.asset_id,as1_1.current_value,as1_1.description,as1_1.name,as1_1.purchase_cost,as1_1.purchase_date,as1_1.status from project_assets as1_0 join asset as1_1 on as1_1.asset_id=as1_0.asset_id where as1_0.project_id=?
Hibernate: select as1_0.project_id,as1_1.asset_id,as1_1.current_value,as1_1.description,as1_1.name,as1_1.purchase_cost,as1_1.purchase_date,as1_1.status from project_assets as1_0 join asset as1_1 on as1_1.asset_id=as1_0.asset_id where as1_0.project_id=?
Hibernate: select p1_0.project_id,p1_0.client_id,p1_0.department_id,p1_0.description,p1_0.end_date,p1_0.name,p1_0.start_date,p1_0.status from project p1_0 where p1_0.name=?
Hibernate: select as1_0.project_id,as1_1.asset_id,as1_1.current_value,as1_1.description,as1_1.name,as1_1.purchase_cost,as1_1.purchase_date,as1_1.status from project_assets as1_0 join asset as1_1 on as1_1.asset_id=as1_0.asset_id where as1_0.project_id=?
Hibernate: select as1_0.project_id,as1_1.asset_id,as1_1.current_value,as1_1.description,as1_1.name,as1_1.purchase_cost,as1_1.purchase_date,as1_1.status from project_assets as1_0 join asset as1_1 on as1_1.asset_id=as1_0.asset_id where as1_0.project_id=?
Hibernate: select as1_0.project_id,as1_1.asset_id,as1_1.current_value,as1_1.description,as1_1.name,as1_1.purchase_cost,as1_1.purchase_date,as1_1.status from project_assets as1_0 join asset as1_1 on as1_1.asset_id=as1_0.asset_id where as1_0.project_id=?
Hibernate: select as1_0.project_id,as1_1.asset_id,as1_1.current_value,as1_1.description,as1_1.name,as1_1.purchase_cost,as1_1.purchase_date,as1_1.status from project_assets as1_0 join asset as1_1 on as1_1.asset_id=as1_0.asset_id where as1_0.project_id=?
Hibernate: select as1_0.project_id,as1_1.asset_id,as1_1.current_value,as1_1.description,as1_1.name,as1_1.purchase_cost,as1_1.purchase_date,as1_1.status from project_assets as1_0 join asset as1_1 on as1_1.asset_id=as1_0.asset_id where as1_0.project_id=?
Hibernate: select as1_0.project_id,as1_1.asset_id,as1_1.current_value,as1_1.description,as1_1.name,as1_1.purchase_cost,as1_1.purchase_date,as1_1.status from project_assets as1_0 join asset as1_1 on as1_1.asset_id=as1_0.asset_id where as1_0.project_id=?
Hibernate: select as1_0.project_id,as1_1.asset_id,as1_1.current_value,as1_1.description,as1_1.name,as1_1.purchase_cost,as1_1.purchase_date,as1_1.status from project_assets as1_0 join asset as1_1 on as1_1.asset_id=as1_0.asset_id where as1_0.project_id=?
Hibernate: select as1_0.project_id,as1_1.asset_id,as1_1.current_value,as1_1.description,as1_1.name,as1_1.purchase_cost,as1_1.purchase_date,as1_1.status from project_assets as1_0 join asset as1_1 on as1_1.asset_id=as1_0.asset_id where as1_0.project_id=?
Hibernate: select as1_0.project_id,as1_1.asset_id,as1_1.current_value,as1_1.description,as1_1.name,as1_1.purchase_cost,as1_1.purchase_date,as1_1.status from project_assets as1_0 join asset as1_1 on as1_1.asset_id=as1_0.asset_id where as1_0.project_id=?
24-05-28 16:56:30.718 [main] INFO  c.E.r.ProjectRepositoryTest - findByNameTest passed 
]]></system-out>
  </testcase>
  <testcase name="deleteProject" classname="com.ERP.repositoriesTest.ProjectRepositoryTest" time="2.308">
    <system-out><![CDATA[24-05-28 16:56:30.727 [main] INFO  c.E.r.ProjectRepositoryTest - Starting deleteProject 
Hibernate: select p1_0.project_id,p1_0.client_id,p1_0.department_id,p1_0.description,p1_0.end_date,p1_0.name,p1_0.start_date,p1_0.status from project p1_0
Hibernate: select as1_0.project_id,as1_1.asset_id,as1_1.current_value,as1_1.description,as1_1.name,as1_1.purchase_cost,as1_1.purchase_date,as1_1.status from project_assets as1_0 join asset as1_1 on as1_1.asset_id=as1_0.asset_id where as1_0.project_id=?
Hibernate: select as1_0.project_id,as1_1.asset_id,as1_1.current_value,as1_1.description,as1_1.name,as1_1.purchase_cost,as1_1.purchase_date,as1_1.status from project_assets as1_0 join asset as1_1 on as1_1.asset_id=as1_0.asset_id where as1_0.project_id=?
Hibernate: select as1_0.project_id,as1_1.asset_id,as1_1.current_value,as1_1.description,as1_1.name,as1_1.purchase_cost,as1_1.purchase_date,as1_1.status from project_assets as1_0 join asset as1_1 on as1_1.asset_id=as1_0.asset_id where as1_0.project_id=?
Hibernate: select as1_0.project_id,as1_1.asset_id,as1_1.current_value,as1_1.description,as1_1.name,as1_1.purchase_cost,as1_1.purchase_date,as1_1.status from project_assets as1_0 join asset as1_1 on as1_1.asset_id=as1_0.asset_id where as1_0.project_id=?
Hibernate: select as1_0.project_id,as1_1.asset_id,as1_1.current_value,as1_1.description,as1_1.name,as1_1.purchase_cost,as1_1.purchase_date,as1_1.status from project_assets as1_0 join asset as1_1 on as1_1.asset_id=as1_0.asset_id where as1_0.project_id=?
Hibernate: select as1_0.project_id,as1_1.asset_id,as1_1.current_value,as1_1.description,as1_1.name,as1_1.purchase_cost,as1_1.purchase_date,as1_1.status from project_assets as1_0 join asset as1_1 on as1_1.asset_id=as1_0.asset_id where as1_0.project_id=?
Hibernate: select as1_0.project_id,as1_1.asset_id,as1_1.current_value,as1_1.description,as1_1.name,as1_1.purchase_cost,as1_1.purchase_date,as1_1.status from project_assets as1_0 join asset as1_1 on as1_1.asset_id=as1_0.asset_id where as1_0.project_id=?
Hibernate: select as1_0.project_id,as1_1.asset_id,as1_1.current_value,as1_1.description,as1_1.name,as1_1.purchase_cost,as1_1.purchase_date,as1_1.status from project_assets as1_0 join asset as1_1 on as1_1.asset_id=as1_0.asset_id where as1_0.project_id=?
Hibernate: select as1_0.project_id,as1_1.asset_id,as1_1.current_value,as1_1.description,as1_1.name,as1_1.purchase_cost,as1_1.purchase_date,as1_1.status from project_assets as1_0 join asset as1_1 on as1_1.asset_id=as1_0.asset_id where as1_0.project_id=?
Hibernate: select p1_0.project_id,as1_0.project_id,as1_1.asset_id,as1_1.current_value,as1_1.description,as1_1.name,as1_1.purchase_cost,as1_1.purchase_date,as1_1.status,c1_0.client_id,c1_0.address,c1_0.email,c1_0.name,c1_0.phone,d1_0.department_id,d1_0.name,p1_0.description,p1_0.end_date,p1_0.name,p1_0.start_date,p1_0.status from project p1_0 left join project_assets as1_0 on p1_0.project_id=as1_0.project_id left join asset as1_1 on as1_1.asset_id=as1_0.asset_id left join client c1_0 on c1_0.client_id=p1_0.client_id left join department d1_0 on d1_0.department_id=p1_0.department_id where p1_0.project_id=?
Hibernate: select is1_0.project_id,is1_0.invoice_id,is1_0.amount,is1_0.invoice_date,is1_0.payment_status from invoice is1_0 where is1_0.project_id=?
Hibernate: select ts1_0.project_id,ts1_0.task_id,ts1_0.description,e1_0.id,d1_0.department_id,d1_0.name,e1_0.email,e1_0.name,e1_0.role,sp1_0.payment_id,sp1_0.amount,sp1_0.payment_date,ts1_0.end_date,ts1_0.name,ts1_0.start_date,ts1_0.status from task ts1_0 left join employee e1_0 on e1_0.id=ts1_0.employee_id left join department d1_0 on d1_0.department_id=e1_0.department_id left join salary_payment sp1_0 on e1_0.id=sp1_0.employee_id where ts1_0.project_id=?
Hibernate: delete from project where project_id=?
Hibernate: select p1_0.project_id,as1_0.project_id,as1_1.asset_id,as1_1.current_value,as1_1.description,as1_1.name,as1_1.purchase_cost,as1_1.purchase_date,as1_1.status,c1_0.client_id,c1_0.address,c1_0.email,c1_0.name,c1_0.phone,d1_0.department_id,d1_0.name,p1_0.description,p1_0.end_date,p1_0.name,p1_0.start_date,p1_0.status from project p1_0 left join project_assets as1_0 on p1_0.project_id=as1_0.project_id left join asset as1_1 on as1_1.asset_id=as1_0.asset_id left join client c1_0 on c1_0.client_id=p1_0.client_id left join department d1_0 on d1_0.department_id=p1_0.department_id where p1_0.project_id=?
24-05-28 16:56:33.030 [main] INFO  c.E.r.ProjectRepositoryTest - deleteProject passed 
]]></system-out>
  </testcase>
  <testcase name="saveProjectTest" classname="com.ERP.repositoriesTest.ProjectRepositoryTest" time="0.184">
    <system-out><![CDATA[24-05-28 16:56:33.039 [main] INFO  c.E.r.ProjectRepositoryTest - Starting saveProjectTest 
Hibernate: select p1_0.project_id,as1_0.project_id,as1_1.asset_id,as1_1.current_value,as1_1.description,as1_1.name,as1_1.purchase_cost,as1_1.purchase_date,as1_1.status,c1_0.client_id,c1_0.address,c1_0.email,c1_0.name,c1_0.phone,d1_0.department_id,d1_0.name,p1_0.description,p1_0.end_date,p1_0.name,p1_0.start_date,p1_0.status from project p1_0 left join project_assets as1_0 on p1_0.project_id=as1_0.project_id left join asset as1_1 on as1_1.asset_id=as1_0.asset_id left join client c1_0 on c1_0.client_id=p1_0.client_id left join department d1_0 on d1_0.department_id=p1_0.department_id where p1_0.project_id=?
Hibernate: insert into project (client_id,department_id,description,end_date,name,start_date,status) values (?,?,?,?,?,?,?)
24-05-28 16:56:33.218 [main] INFO  c.E.r.ProjectRepositoryTest - saveProjectTest passed 
]]></system-out>
  </testcase>
  <testcase name="findProjectById" classname="com.ERP.repositoriesTest.ProjectRepositoryTest" time="0.873">
    <system-out><![CDATA[24-05-28 16:56:33.226 [main] INFO  c.E.r.ProjectRepositoryTest - Starting findProjectById 
Hibernate: select p1_0.project_id,p1_0.client_id,p1_0.department_id,p1_0.description,p1_0.end_date,p1_0.name,p1_0.start_date,p1_0.status from project p1_0
Hibernate: select as1_0.project_id,as1_1.asset_id,as1_1.current_value,as1_1.description,as1_1.name,as1_1.purchase_cost,as1_1.purchase_date,as1_1.status from project_assets as1_0 join asset as1_1 on as1_1.asset_id=as1_0.asset_id where as1_0.project_id=?
Hibernate: select as1_0.project_id,as1_1.asset_id,as1_1.current_value,as1_1.description,as1_1.name,as1_1.purchase_cost,as1_1.purchase_date,as1_1.status from project_assets as1_0 join asset as1_1 on as1_1.asset_id=as1_0.asset_id where as1_0.project_id=?
Hibernate: select as1_0.project_id,as1_1.asset_id,as1_1.current_value,as1_1.description,as1_1.name,as1_1.purchase_cost,as1_1.purchase_date,as1_1.status from project_assets as1_0 join asset as1_1 on as1_1.asset_id=as1_0.asset_id where as1_0.project_id=?
Hibernate: select as1_0.project_id,as1_1.asset_id,as1_1.current_value,as1_1.description,as1_1.name,as1_1.purchase_cost,as1_1.purchase_date,as1_1.status from project_assets as1_0 join asset as1_1 on as1_1.asset_id=as1_0.asset_id where as1_0.project_id=?
Hibernate: select as1_0.project_id,as1_1.asset_id,as1_1.current_value,as1_1.description,as1_1.name,as1_1.purchase_cost,as1_1.purchase_date,as1_1.status from project_assets as1_0 join asset as1_1 on as1_1.asset_id=as1_0.asset_id where as1_0.project_id=?
Hibernate: select as1_0.project_id,as1_1.asset_id,as1_1.current_value,as1_1.description,as1_1.name,as1_1.purchase_cost,as1_1.purchase_date,as1_1.status from project_assets as1_0 join asset as1_1 on as1_1.asset_id=as1_0.asset_id where as1_0.project_id=?
Hibernate: select as1_0.project_id,as1_1.asset_id,as1_1.current_value,as1_1.description,as1_1.name,as1_1.purchase_cost,as1_1.purchase_date,as1_1.status from project_assets as1_0 join asset as1_1 on as1_1.asset_id=as1_0.asset_id where as1_0.project_id=?
Hibernate: select as1_0.project_id,as1_1.asset_id,as1_1.current_value,as1_1.description,as1_1.name,as1_1.purchase_cost,as1_1.purchase_date,as1_1.status from project_assets as1_0 join asset as1_1 on as1_1.asset_id=as1_0.asset_id where as1_0.project_id=?
Hibernate: select as1_0.project_id,as1_1.asset_id,as1_1.current_value,as1_1.description,as1_1.name,as1_1.purchase_cost,as1_1.purchase_date,as1_1.status from project_assets as1_0 join asset as1_1 on as1_1.asset_id=as1_0.asset_id where as1_0.project_id=?
Hibernate: select p1_0.project_id,as1_0.project_id,as1_1.asset_id,as1_1.current_value,as1_1.description,as1_1.name,as1_1.purchase_cost,as1_1.purchase_date,as1_1.status,c1_0.client_id,c1_0.address,c1_0.email,c1_0.name,c1_0.phone,d1_0.department_id,d1_0.name,p1_0.description,p1_0.end_date,p1_0.name,p1_0.start_date,p1_0.status from project p1_0 left join project_assets as1_0 on p1_0.project_id=as1_0.project_id left join asset as1_1 on as1_1.asset_id=as1_0.asset_id left join client c1_0 on c1_0.client_id=p1_0.client_id left join department d1_0 on d1_0.department_id=p1_0.department_id where p1_0.project_id=?
24-05-28 16:56:34.094 [main] INFO  c.E.r.ProjectRepositoryTest - findProjectById passed 
]]></system-out>
  </testcase>
  <testcase name="findAllProjects" classname="com.ERP.repositoriesTest.ProjectRepositoryTest" time="0.773">
    <system-out><![CDATA[24-05-28 16:56:34.102 [main] INFO  c.E.r.ProjectRepositoryTest - Starting findAllProjects 
Hibernate: select p1_0.project_id,p1_0.client_id,p1_0.department_id,p1_0.description,p1_0.end_date,p1_0.name,p1_0.start_date,p1_0.status from project p1_0
Hibernate: select as1_0.project_id,as1_1.asset_id,as1_1.current_value,as1_1.description,as1_1.name,as1_1.purchase_cost,as1_1.purchase_date,as1_1.status from project_assets as1_0 join asset as1_1 on as1_1.asset_id=as1_0.asset_id where as1_0.project_id=?
Hibernate: select as1_0.project_id,as1_1.asset_id,as1_1.current_value,as1_1.description,as1_1.name,as1_1.purchase_cost,as1_1.purchase_date,as1_1.status from project_assets as1_0 join asset as1_1 on as1_1.asset_id=as1_0.asset_id where as1_0.project_id=?
Hibernate: select as1_0.project_id,as1_1.asset_id,as1_1.current_value,as1_1.description,as1_1.name,as1_1.purchase_cost,as1_1.purchase_date,as1_1.status from project_assets as1_0 join asset as1_1 on as1_1.asset_id=as1_0.asset_id where as1_0.project_id=?
Hibernate: select as1_0.project_id,as1_1.asset_id,as1_1.current_value,as1_1.description,as1_1.name,as1_1.purchase_cost,as1_1.purchase_date,as1_1.status from project_assets as1_0 join asset as1_1 on as1_1.asset_id=as1_0.asset_id where as1_0.project_id=?
Hibernate: select as1_0.project_id,as1_1.asset_id,as1_1.current_value,as1_1.description,as1_1.name,as1_1.purchase_cost,as1_1.purchase_date,as1_1.status from project_assets as1_0 join asset as1_1 on as1_1.asset_id=as1_0.asset_id where as1_0.project_id=?
Hibernate: select as1_0.project_id,as1_1.asset_id,as1_1.current_value,as1_1.description,as1_1.name,as1_1.purchase_cost,as1_1.purchase_date,as1_1.status from project_assets as1_0 join asset as1_1 on as1_1.asset_id=as1_0.asset_id where as1_0.project_id=?
Hibernate: select as1_0.project_id,as1_1.asset_id,as1_1.current_value,as1_1.description,as1_1.name,as1_1.purchase_cost,as1_1.purchase_date,as1_1.status from project_assets as1_0 join asset as1_1 on as1_1.asset_id=as1_0.asset_id where as1_0.project_id=?
Hibernate: select as1_0.project_id,as1_1.asset_id,as1_1.current_value,as1_1.description,as1_1.name,as1_1.purchase_cost,as1_1.purchase_date,as1_1.status from project_assets as1_0 join asset as1_1 on as1_1.asset_id=as1_0.asset_id where as1_0.project_id=?
Hibernate: select as1_0.project_id,as1_1.asset_id,as1_1.current_value,as1_1.description,as1_1.name,as1_1.purchase_cost,as1_1.purchase_date,as1_1.status from project_assets as1_0 join asset as1_1 on as1_1.asset_id=as1_0.asset_id where as1_0.project_id=?
24-05-28 16:56:34.872 [main] INFO  c.E.r.ProjectRepositoryTest - findAllProjects passed 
]]></system-out>
  </testcase>
</testsuite>